----------------------------------------------------------------------------------------------------
------------------------------------ MegaLinter, by OX Security ------------------------------------
----------------------------------------------------------------------------------------------------
 - Image Creation Date: 2025-09-20T09:46:26Z
 - Image Revision: ff177bfabd9088ff3ccaa7bc68f8ca3fd075ba5c
 - Image Version: v9.0.0
----------------------------------------------------------------------------------------------------
The MegaLinter documentation can be found at:
 - https://megalinter.io/9.0.0
----------------------------------------------------------------------------------------------------
MegaLinter initialization
MegaLinter will analyze workspace [/tmp/lint]

JSON_ESLINT_PLUGIN_JSONC has been disabled in MegaLinter for the following reason: Bug in eslint-plugin-jsonc: https://github.com/ota-meshi/eslint-plugin-jsonc/issues/328
MAKEFILE_CHECKMAKE has been disabled in MegaLinter for the following reason: Security issues: https://github.com/checkmake/checkmake/issues/99
MARKDOWN_REMARK_LINT has been disabled in MegaLinter for the following reason: Bug in remark-lint: https://github.com/remarkjs/remark-lint/issues/322
PUPPET_PUPPET_LINT has been disabled in MegaLinter for the following reason: https://github.com/puppetlabs/puppet-lint/issues/251
REPOSITORY_CHECKOV has been disabled in MegaLinter for the following reason: https://github.com/bridgecrewio/checkov/issues/7263
SALESFORCE_LIGHTNING_FLOW_SCANNER has been disabled in MegaLinter for the following reason: Repo archived -> https://github.com/Lightning-Flow-Scanner
Skipped linters: ACTION_ACTIONLINT, ANSIBLE_ANSIBLE_LINT, API_SPECTRAL, ARM_ARM_TTK, BASH_EXEC, BASH_SHFMT, BICEP_BICEP_LINTER, CLOJURE_CLJSTYLE, CLOJURE_CLJ_KONDO, CLOUDFORMATION_CFN_LINT, COFFEE_COFFEELINT, COPYPASTE_JSCPD, CPP_CLANG_FORMAT, CPP_CPPCHECK, CPP_CPPLINT, CSHARP_CSHARPIER, CSHARP_DOTNET_FORMAT, CSHARP_ROSLYNATOR, CSS_STYLELINT, C_CLANG_FORMAT, C_CPPCHECK, C_CPPLINT, DART_DARTANALYZER, DOCKERFILE_HADOLINT, EDITORCONFIG_EDITORCONFIG_CHECKER, ENV_DOTENV_LINTER, GHERKIN_GHERKIN_LINT, GO_GOLANGCI_LINT, GO_REVIVE, GRAPHQL_GRAPHQL_SCHEMA_LINTER, GROOVY_NPM_GROOVY_LINT, HTML_DJLINT, HTML_HTMLHINT, JAVASCRIPT_ES, JAVASCRIPT_PRETTIER, JAVASCRIPT_STANDARD, JAVA_CHECKSTYLE, JAVA_PMD, JSON_ESLINT_PLUGIN_JSONC, JSON_JSONLINT, JSON_NPM_PACKAGE_JSON_LINT, JSON_PRETTIER, JSON_V8R, JSX_ESLINT, KOTLIN_DETEKT, KOTLIN_KTLINT, KUBERNETES_HELM, KUBERNETES_KUBECONFORM, KUBERNETES_KUBESCAPE, LATEX_CHKTEX, LUA_LUACHECK, LUA_SELENE, LUA_STYLUA, MAKEFILE_CHECKMAKE, MARKDOWN_MARKDOWN_TABLE_FORMATTER, MARKDOWN_REMARK_LINT, PERL_PERLCRITIC, PHP_PHPCS, PHP_PHPCSFIXER, PHP_PHPLINT, PHP_PHPSTAN, PHP_PSALM, POWERSHELL_POWERSHELL, POWERSHELL_POWERSHELL_FORMATTER, PROTOBUF_PROTOLINT, PUPPET_PUPPET_LINT, PYTHON_BANDIT, PYTHON_BLACK, PYTHON_FLAKE8, PYTHON_ISORT, PYTHON_MYPY, PYTHON_PYLINT, PYTHON_PYRIGHT, PYTHON_RUFF, PYTHON_RUFF_FORMAT, RAKU_RAKU, REPOSITORY_CHECKOV, REPOSITORY_DEVSKIM, REPOSITORY_DUSTILOCK, REPOSITORY_GITLEAKS, REPOSITORY_GIT_DIFF, REPOSITORY_GRYPE, REPOSITORY_KICS, REPOSITORY_LS_LINT, REPOSITORY_SECRETLINT, REPOSITORY_SEMGREP, REPOSITORY_SYFT, REPOSITORY_TRIVY, REPOSITORY_TRIVY_SBOM, REPOSITORY_TRUFFLEHOG, RST_RSTCHECK, RST_RSTFMT, RST_RST_LINT, RUBY_RUBOCOP, RUST_CLIPPY, R_LINTR, SALESFORCE_LIGHTNING_FLOW_SCANNER, SALESFORCE_SFDX_SCANNER_APEX, SALESFORCE_SFDX_SCANNER_AURA, SALESFORCE_SFDX_SCANNER_LWC, SCALA_SCALAFIX, SNAKEMAKE_LINT, SNAKEMAKE_SNAKEFMT, SPELL_CSPELL, SPELL_LYCHEE, SPELL_PROSELINT, SPELL_VALE, SQL_SQLFLUFF, SQL_TSQLLINT, SWIFT_SWIFTLINT, TEKTON_TEKTON_LINT, TERRAFORM_TERRAFORM_FMT, TERRAFORM_TERRAGRUNT, TERRAFORM_TERRASCAN, TERRAFORM_TFLINT, TSX_ESLINT, TYPESCRIPT_ES, TYPESCRIPT_PRETTIER, TYPESCRIPT_STANDARD, VBDOTNET_DOTNET_FORMAT, XML_XMLLINT, YAML_PRETTIER, YAML_V8R
[ApiReporter] Not enabled as API_REPORTER is not defined to true
To receive reports as email, please set variable EMAIL_REPORTER_EMAIL

MegaLinter now collects the files to analyse
Listing all files in directory [/tmp/lint], then filter with:
- File extensions: .md, .sh, .yaml, .yml
- Excluding .gitignored files [1]: repos.yaml
Kept [11] files on [58] found files

+----MATCHING LINTERS-------+------------+----------------+------------+
| Descriptor | Linter       | Criteria   | Matching files | Format/Fix |
+------------+--------------+------------+----------------+------------+
| BASH       | shellcheck   | .sh        | 4              | no         |
| MARKDOWN   | markdownlint | .md        | 2              | no         |
| YAML       | yamllint     | .yml|.yaml | 5              | no         |
+------------+--------------+------------+----------------+------------+

Processing linters on [12] parallel cores… (can be decreased with variable PARALLEL_PROCESS_NUMBER in case of performance issues)
[32m✅ Linted [BASH] files with [shellcheck] successfully - (0.44s)[0m
- Using [shellcheck v0.11.0] https://megalinter.io/9.0.0/descriptors/bash_shellcheck
- MegaLinter key: [BASH_SHELLCHECK]
- Rules config: identified by [shellcheck]
- Number of files analyzed: [4]
- Command: [shellcheck --color=auto --external-sources bootstrap.sh defaults.sh init.sh repo-sync.sh]

[32m✅ Linted [YAML] files with [yamllint] successfully - (0.57s)[0m
- Using [yamllint v1.37.1] https://megalinter.io/9.0.0/descriptors/yaml_yamllint
- MegaLinter key: [YAML_YAMLLINT]
- Rules config: [.yamllint.yml]
- Number of files analyzed: [5]
- Command: [yamllint --format standard -c /action/lib/.automation/.yamllint.yml .github/workflows/ci.yml .mega-linter.yml dotfiles/k9s/.config/k9s/config.yaml dotfiles/k9s/.config/k9s/skins/tokyonight.yaml dotfiles/lazygit/.config/lazygit/config.yml]

[32m✅ Linted [MARKDOWN] files with [markdownlint] successfully - (0.22s)[0m
- Using [markdownlint v0.45.0] https://megalinter.io/9.0.0/descriptors/markdown_markdownlint
- MegaLinter key: [MARKDOWN_MARKDOWNLINT]
- Rules config: [.markdownlint.json]
- Number of files analyzed: [2]
- Command: [markdownlint -c /action/lib/.automation/.markdownlint.json README.md dotfiles/nvim/.config/nvim/README.md]


+----SUMMARY--+--------------+---------------+-------+-------+--------+----------+--------------+
| Descriptor  | Linter       | Mode          | Files | Fixed | Errors | Warnings | Elapsed time |
+-------------+--------------+---------------+-------+-------+--------+----------+--------------+
| ✅ BASH     | shellcheck   | list_of_files |     4 |       |      0 |        0 | 0.44s        |
| ✅ MARKDOWN | markdownlint | list_of_files |     2 |       |      0 |        0 | 0.22s        |
| ✅ YAML     | yamllint     | list_of_files |     5 |       |      0 |        0 | 0.57s        |
+-------------+--------------+---------------+-------+-------+--------+----------+--------------+

[34mYou could have same capabilities but better runtime performances if you use a MegaLinter flavor:[0m
- [documentation] oxsecurity/megalinter/flavors/documentation@v9.0.0 (48 linters) https://megalinter.io/9.0.0/flavors/documentation/
- [ruby] oxsecurity/megalinter/flavors/ruby@v9.0.0 (49 linters) https://megalinter.io/9.0.0/flavors/ruby/
- [rust] oxsecurity/megalinter/flavors/rust@v9.0.0 (49 linters) https://megalinter.io/9.0.0/flavors/rust/
[34mYour project could benefit from a custom flavor, which would allow you to run only the linters you need, and thus improve runtime performances. (Skip this info by defining `FLAVOR_SUGGESTIONS: false`)
[0m- Documentation: https://megalinter.io/9.0.0/custom-flavors/
- Command: `npx mega-linter-runner@9.0.0 --custom-flavor-setup --custom-flavor-linters BASH_SHELLCHECK,MARKDOWN_MARKDOWNLINT,YAML_YAMLLINT`

[Updated Sources Reporter] copied 4 fixed source files in folder /tmp/lint/megalinter-reports/updated_sources.
[32m✅ Successfully linted all files without errors[0m
